<?xml version="1.0" encoding="UTF-8"?>
<testng-results ignored="0" total="2" passed="2" failed="0" skipped="0">
  <reporter-output>
  </reporter-output>
  <suite started-at="2023-01-17T18:46:25 IST" name="Default suite" finished-at="2023-01-17T18:46:59 IST" duration-ms="34223">
    <groups>
    </groups>
    <test started-at="2023-01-17T18:46:25 IST" name="Default test" finished-at="2023-01-17T18:46:59 IST" duration-ms="34223">
      <class name="Module2_LoginTest.SwagLabLoginTest3">
        <test-method is-config="true" signature="OpebBrowser()[pri:0, instance:Module2_LoginTest.SwagLabLoginTest3@d9345cd]" started-at="2023-01-17T18:46:25 IST" name="OpebBrowser" finished-at="2023-01-17T18:46:38 IST" duration-ms="13217" status="PASS">
          <reporter-output>
          </reporter-output>
        </test-method> <!-- OpebBrowser -->
        <test-method is-config="true" signature="LoginApp()[pri:0, instance:Module2_LoginTest.SwagLabLoginTest3@d9345cd]" started-at="2023-01-17T18:46:38 IST" name="LoginApp" finished-at="2023-01-17T18:46:42 IST" duration-ms="3525" status="PASS">
          <reporter-output>
          </reporter-output>
        </test-method> <!-- LoginApp -->
        <test-method signature="AddToCartConvertToRemove()[pri:0, instance:Module2_LoginTest.SwagLabLoginTest3@d9345cd]" started-at="2023-01-17T18:46:42 IST" name="AddToCartConvertToRemove" finished-at="2023-01-17T18:46:43 IST" duration-ms="1256" status="PASS">
          <reporter-output>
          </reporter-output>
        </test-method> <!-- AddToCartConvertToRemove -->
        <test-method is-config="true" signature="LogoutApp(org.testng.ITestResult)[pri:0, instance:Module2_LoginTest.SwagLabLoginTest3@d9345cd]" started-at="2023-01-17T18:46:43 IST" name="LogoutApp" finished-at="2023-01-17T18:46:49 IST" duration-ms="6420" status="PASS">
          <params>
            <param index="0">
              <value>
                <![CDATA[[TestResult name=AddToCartConvertToRemove status=SUCCESS method=SwagLabLoginTest3.AddToCartConvertToRemove()[pri:0, instance:Module2_LoginTest.SwagLabLoginTest3@d9345cd] output={null}]]]>
              </value>
            </param>
          </params>
          <reporter-output>
          </reporter-output>
        </test-method> <!-- LogoutApp -->
        <test-method is-config="true" signature="LoginApp()[pri:0, instance:Module2_LoginTest.SwagLabLoginTest3@d9345cd]" started-at="2023-01-17T18:46:49 IST" name="LoginApp" finished-at="2023-01-17T18:46:53 IST" duration-ms="3275" status="PASS">
          <reporter-output>
          </reporter-output>
        </test-method> <!-- LoginApp -->
        <test-method signature="verifyLogo()[pri:0, instance:Module2_LoginTest.SwagLabLoginTest3@d9345cd]" started-at="2023-01-17T18:46:53 IST" name="verifyLogo" finished-at="2023-01-17T18:46:53 IST" duration-ms="58" status="PASS">
          <reporter-output>
          </reporter-output>
        </test-method> <!-- verifyLogo -->
        <test-method is-config="true" signature="LogoutApp(org.testng.ITestResult)[pri:0, instance:Module2_LoginTest.SwagLabLoginTest3@d9345cd]" started-at="2023-01-17T18:46:53 IST" name="LogoutApp" finished-at="2023-01-17T18:46:59 IST" duration-ms="6278" status="PASS">
          <params>
            <param index="0">
              <value>
                <![CDATA[[TestResult name=verifyLogo status=SUCCESS method=SwagLabLoginTest3.verifyLogo()[pri:0, instance:Module2_LoginTest.SwagLabLoginTest3@d9345cd] output={null}]]]>
              </value>
            </param>
          </params>
          <reporter-output>
          </reporter-output>
        </test-method> <!-- LogoutApp -->
        <test-method is-config="true" signature="closeBrowser()[pri:0, instance:Module2_LoginTest.SwagLabLoginTest3@d9345cd]" started-at="2023-01-17T18:46:59 IST" name="closeBrowser" finished-at="2023-01-17T18:46:59 IST" duration-ms="144" status="PASS">
          <reporter-output>
          </reporter-output>
        </test-method> <!-- closeBrowser -->
      </class> <!-- Module2_LoginTest.SwagLabLoginTest3 -->
    </test> <!-- Default test -->
  </suite> <!-- Default suite -->
</testng-results>
